<?xml version="1.0" encoding="UTF-8"?>
<!-- Generated by org.testng.reporters.JUnitReportReporter -->
<testsuite hostname="DEVWIN720" name="com.immidart.skypassTravel.ManualRequestTest" tests="1" failures="0" timestamp="5 Oct 2016 12:10:44 GMT" time="17.496" errors="0">
  <testcase name="createManualRequestTest" time="17.496" classname="com.immidart.skypassTravel.ManualRequestTest"/>
</testsuite> <!-- com.immidart.skypassTravel.ManualRequestTest -->
